<?xml version="1.0" encoding="UTF-8"?>
<testsuite name="com.example.project.TestRepair" tests="2" skipped="0" failures="0" errors="0" timestamp="2025-03-13T16:21:07" hostname="codespaces-9d2eae" time="0.004">
  <properties/>
  <testcase name="testAddRepairPARTA()" classname="com.example.project.TestRepair" time="0.002"/>
  <testcase name="testAvailableMechanicsPARTB()" classname="com.example.project.TestRepair" time="0.001"/>
  <system-out><![CDATA[]]></system-out>
  <system-err><![CDATA[]]></system-err>
</testsuite>
