<?xml version="1.0" encoding="UTF-8"?>
<testsuite name="com.example.project.TestSearch" tests="8" skipped="0" failures="0" errors="0" timestamp="2025-03-13T16:21:07" hostname="codespaces-9d2eae" time="0.037">
  <properties/>
  <testcase name="testLinearSearchFoundList()" classname="com.example.project.TestSearch" time="0.003"/>
  <testcase name="testLinearSearchFirstArrayList()" classname="com.example.project.TestSearch" time="0.002"/>
  <testcase name="testLinearSearchFoundArray()" classname="com.example.project.TestSearch" time="0.002"/>
  <testcase name="testLinearSearchCountList()" classname="com.example.project.TestSearch" time="0.007"/>
  <testcase name="testLinearSearchCountArray()" classname="com.example.project.TestSearch" time="0.002"/>
  <testcase name="testLinearSearchLastArray()" classname="com.example.project.TestSearch" time="0.001"/>
  <testcase name="testLinearSearchFirstArray()" classname="com.example.project.TestSearch" time="0.009"/>
  <testcase name="testLinearSearchLastList()" classname="com.example.project.TestSearch" time="0.001"/>
  <system-out><![CDATA[]]></system-out>
  <system-err><![CDATA[]]></system-err>
</testsuite>
